<?xml version="1.0" encoding="UTF-8"?>
<coverage generated="1773989838220" clover="3.2.0">
  <project timestamp="1773989838221" name="All files">
    <metrics statements="45" coveredstatements="45" conditionals="18" coveredconditionals="16" methods="35" coveredmethods="35" elements="98" coveredelements="96" complexity="0" loc="45" ncloc="45" packages="2" files="6" classes="6"/>
    <package name="components">
      <metrics statements="25" coveredstatements="25" conditionals="10" coveredconditionals="10" methods="24" coveredmethods="24"/>
      <file name="FlashcardDeck.jsx" path="C:\Users\user\Documents\github\ics-training\src\components\FlashcardDeck.jsx">
        <metrics statements="17" coveredstatements="17" conditionals="2" coveredconditionals="2" methods="18" coveredmethods="18"/>
        <line num="4" count="25" type="stmt"/>
        <line num="5" count="25" type="stmt"/>
        <line num="6" count="2" type="cond" truecount="2" falsecount="0"/>
        <line num="24" count="23" type="stmt"/>
        <line num="25" count="42" type="stmt"/>
        <line num="26" count="23" type="stmt"/>
        <line num="28" count="23" type="stmt"/>
        <line num="31" count="4" type="stmt"/>
        <line num="32" count="1" type="stmt"/>
        <line num="33" count="1" type="stmt"/>
        <line num="34" count="1" type="stmt"/>
        <line num="38" count="3" type="stmt"/>
        <line num="39" count="1" type="stmt"/>
        <line num="40" count="1" type="stmt"/>
        <line num="43" count="23" type="stmt"/>
        <line num="62" count="1" type="stmt"/>
        <line num="69" count="6" type="stmt"/>
      </file>
      <file name="ModuleProgress.jsx" path="C:\Users\user\Documents\github\ics-training\src\components\ModuleProgress.jsx">
        <metrics statements="1" coveredstatements="1" conditionals="0" coveredconditionals="0" methods="1" coveredmethods="1"/>
        <line num="4" count="3" type="stmt"/>
      </file>
      <file name="Question.jsx" path="C:\Users\user\Documents\github\ics-training\src\components\Question.jsx">
        <metrics statements="3" coveredstatements="3" conditionals="4" coveredconditionals="4" methods="2" coveredmethods="2"/>
        <line num="4" count="13" type="stmt"/>
        <line num="5" count="13" type="stmt"/>
        <line num="8" count="6" type="cond" truecount="2" falsecount="0"/>
      </file>
      <file name="Step.jsx" path="C:\Users\user\Documents\github\ics-training\src\components\Step.jsx">
        <metrics statements="4" coveredstatements="4" conditionals="4" coveredconditionals="4" methods="3" coveredmethods="3"/>
        <line num="4" count="13" type="stmt"/>
        <line num="5" count="13" type="stmt"/>
        <line num="10" count="4" type="stmt"/>
        <line num="12" count="2" type="stmt"/>
      </file>
    </package>
    <package name="pages">
      <metrics statements="20" coveredstatements="20" conditionals="8" coveredconditionals="6" methods="11" coveredmethods="11"/>
      <file name="dashboard.js" path="C:\Users\user\Documents\github\ics-training\src\pages\dashboard.js">
        <metrics statements="9" coveredstatements="9" conditionals="4" coveredconditionals="3" methods="6" coveredmethods="6"/>
        <line num="6" count="1" type="stmt"/>
        <line num="25" count="31" type="stmt"/>
        <line num="27" count="31" type="cond" truecount="1" falsecount="1"/>
        <line num="29" count="31" type="stmt"/>
        <line num="40" count="93" type="stmt"/>
        <line num="43" count="8" type="stmt"/>
        <line num="51" count="42" type="stmt"/>
        <line num="55" count="42" type="stmt"/>
        <line num="60" count="248" type="stmt"/>
      </file>
      <file name="index.js" path="C:\Users\user\Documents\github\ics-training\src\pages\index.js">
        <metrics statements="11" coveredstatements="11" conditionals="4" coveredconditionals="3" methods="5" coveredmethods="5"/>
        <line num="7" count="1" type="stmt"/>
        <line num="8" count="1" type="stmt"/>
        <line num="10" count="1" type="stmt"/>
        <line num="62" count="29" type="stmt"/>
        <line num="63" count="29" type="stmt"/>
        <line num="65" count="37" type="stmt"/>
        <line num="66" count="29" type="cond" truecount="1" falsecount="1"/>
        <line num="68" count="29" type="stmt"/>
        <line num="139" count="87" type="stmt"/>
        <line num="142" count="6" type="stmt"/>
        <line num="153" count="232" type="stmt"/>
      </file>
    </package>
  </project>
</coverage>
