{"C:\\Users\\user\\Documents\\github\\ics-training\\src\\components\\FlashcardDeck.jsx": {"path":"C:\\Users\\user\\Documents\\github\\ics-training\\src\\components\\FlashcardDeck.jsx","statementMap":{"0":{"start":{"line":4,"column":32},"end":{"line":4,"column":47}},"1":{"start":{"line":5,"column":2},"end":{"line":20,"column":4}},"2":{"start":{"line":6,"column":77},"end":{"line":6,"column":96}},"3":{"start":{"line":6,"column":93},"end":{"line":6,"column":95}},"4":{"start":{"line":24,"column":28},"end":{"line":24,"column":39}},"5":{"start":{"line":25,"column":28},"end":{"line":25,"column":66}},"6":{"start":{"line":25,"column":43},"end":{"line":25,"column":65}},"7":{"start":{"line":25,"column":63},"end":{"line":25,"column":64}},"8":{"start":{"line":26,"column":24},"end":{"line":26,"column":35}},"9":{"start":{"line":28,"column":18},"end":{"line":28,"column":30}},"10":{"start":{"line":31,"column":21},"end":{"line":31,"column":63}},"11":{"start":{"line":31,"column":43},"end":{"line":31,"column":62}},"12":{"start":{"line":32,"column":4},"end":{"line":32,"column":23}},"13":{"start":{"line":33,"column":4},"end":{"line":33,"column":16}},"14":{"start":{"line":34,"column":4},"end":{"line":34,"column":23}},"15":{"start":{"line":34,"column":16},"end":{"line":34,"column":21}},"16":{"start":{"line":38,"column":4},"end":{"line":38,"column":37}},"17":{"start":{"line":38,"column":33},"end":{"line":38,"column":34}},"18":{"start":{"line":39,"column":4},"end":{"line":39,"column":16}},"19":{"start":{"line":40,"column":4},"end":{"line":40,"column":23}},"20":{"start":{"line":40,"column":16},"end":{"line":40,"column":21}},"21":{"start":{"line":43,"column":2},"end":{"line":76,"column":4}},"22":{"start":{"line":62,"column":27},"end":{"line":62,"column":48}},"23":{"start":{"line":62,"column":41},"end":{"line":62,"column":46}},"24":{"start":{"line":62,"column":49},"end":{"line":62,"column":68}},"25":{"start":{"line":62,"column":61},"end":{"line":62,"column":66}},"26":{"start":{"line":69,"column":27},"end":{"line":69,"column":48}},"27":{"start":{"line":69,"column":41},"end":{"line":69,"column":46}},"28":{"start":{"line":69,"column":49},"end":{"line":69,"column":68}},"29":{"start":{"line":69,"column":61},"end":{"line":69,"column":66}}},"fnMap":{"0":{"name":"Flashcard","decl":{"start":{"line":3,"column":9},"end":{"line":3,"column":18}},"loc":{"start":{"line":3,"column":41},"end":{"line":21,"column":1}},"line":3},"1":{"name":"(anonymous_1)","decl":{"start":{"line":6,"column":71},"end":{"line":6,"column":72}},"loc":{"start":{"line":6,"column":77},"end":{"line":6,"column":96}},"line":6},"2":{"name":"(anonymous_2)","decl":{"start":{"line":6,"column":88},"end":{"line":6,"column":89}},"loc":{"start":{"line":6,"column":93},"end":{"line":6,"column":95}},"line":6},"3":{"name":"FlashcardDeck","decl":{"start":{"line":23,"column":24},"end":{"line":23,"column":37}},"loc":{"start":{"line":23,"column":49},"end":{"line":77,"column":1}},"line":23},"4":{"name":"(anonymous_4)","decl":{"start":{"line":25,"column":37},"end":{"line":25,"column":38}},"loc":{"start":{"line":25,"column":43},"end":{"line":25,"column":65}},"line":25},"5":{"name":"(anonymous_5)","decl":{"start":{"line":25,"column":53},"end":{"line":25,"column":54}},"loc":{"start":{"line":25,"column":63},"end":{"line":25,"column":64}},"line":25},"6":{"name":"shuffle","decl":{"start":{"line":30,"column":11},"end":{"line":30,"column":18}},"loc":{"start":{"line":30,"column":21},"end":{"line":35,"column":3}},"line":30},"7":{"name":"(anonymous_7)","decl":{"start":{"line":31,"column":37},"end":{"line":31,"column":38}},"loc":{"start":{"line":31,"column":43},"end":{"line":31,"column":62}},"line":31},"8":{"name":"(anonymous_8)","decl":{"start":{"line":34,"column":11},"end":{"line":34,"column":12}},"loc":{"start":{"line":34,"column":16},"end":{"line":34,"column":21}},"line":34},"9":{"name":"reset","decl":{"start":{"line":37,"column":11},"end":{"line":37,"column":16}},"loc":{"start":{"line":37,"column":19},"end":{"line":41,"column":3}},"line":37},"10":{"name":"(anonymous_10)","decl":{"start":{"line":38,"column":23},"end":{"line":38,"column":24}},"loc":{"start":{"line":38,"column":33},"end":{"line":38,"column":34}},"line":38},"11":{"name":"(anonymous_11)","decl":{"start":{"line":40,"column":11},"end":{"line":40,"column":12}},"loc":{"start":{"line":40,"column":16},"end":{"line":40,"column":21}},"line":40},"12":{"name":"(anonymous_12)","decl":{"start":{"line":62,"column":19},"end":{"line":62,"column":20}},"loc":{"start":{"line":62,"column":25},"end":{"line":62,"column":70}},"line":62},"13":{"name":"(anonymous_13)","decl":{"start":{"line":62,"column":36},"end":{"line":62,"column":37}},"loc":{"start":{"line":62,"column":41},"end":{"line":62,"column":46}},"line":62},"14":{"name":"(anonymous_14)","decl":{"start":{"line":62,"column":56},"end":{"line":62,"column":57}},"loc":{"start":{"line":62,"column":61},"end":{"line":62,"column":66}},"line":62},"15":{"name":"(anonymous_15)","decl":{"start":{"line":69,"column":19},"end":{"line":69,"column":20}},"loc":{"start":{"line":69,"column":25},"end":{"line":69,"column":70}},"line":69},"16":{"name":"(anonymous_16)","decl":{"start":{"line":69,"column":36},"end":{"line":69,"column":37}},"loc":{"start":{"line":69,"column":41},"end":{"line":69,"column":46}},"line":69},"17":{"name":"(anonymous_17)","decl":{"start":{"line":69,"column":56},"end":{"line":69,"column":57}},"loc":{"start":{"line":69,"column":61},"end":{"line":69,"column":66}},"line":69}},"branchMap":{"0":{"loc":{"start":{"line":6,"column":31},"end":{"line":6,"column":58}},"type":"cond-expr","locations":[{"start":{"line":6,"column":41},"end":{"line":6,"column":53}},{"start":{"line":6,"column":56},"end":{"line":6,"column":58}}],"line":6}},"s":{"0":25,"1":25,"2":2,"3":2,"4":23,"5":23,"6":14,"7":42,"8":23,"9":23,"10":1,"11":4,"12":1,"13":1,"14":1,"15":1,"16":1,"17":3,"18":1,"19":1,"20":1,"21":23,"22":1,"23":1,"24":1,"25":1,"26":6,"27":6,"28":6,"29":6},"f":{"0":25,"1":2,"2":2,"3":23,"4":14,"5":42,"6":1,"7":4,"8":1,"9":1,"10":3,"11":1,"12":1,"13":1,"14":1,"15":6,"16":6,"17":6},"b":{"0":[1,24]},"_coverageSchema":"1a1c01bbd47fc00a2c39e90264f33305004495a9","hash":"dcd6a10dc6e2e6bb8067e60287001dc94fec983f"}
,"C:\\Users\\user\\Documents\\github\\ics-training\\src\\components\\ModuleProgress.jsx": {"path":"C:\\Users\\user\\Documents\\github\\ics-training\\src\\components\\ModuleProgress.jsx","statementMap":{"0":{"start":{"line":4,"column":2},"end":{"line":11,"column":4}}},"fnMap":{"0":{"name":"ModuleProgress","decl":{"start":{"line":3,"column":24},"end":{"line":3,"column":38}},"loc":{"start":{"line":3,"column":53},"end":{"line":12,"column":1}},"line":3}},"branchMap":{},"s":{"0":3},"f":{"0":3},"b":{},"_coverageSchema":"1a1c01bbd47fc00a2c39e90264f33305004495a9","hash":"121ad5967eb4517be62775f578a4c86433aba0b6"}
,"C:\\Users\\user\\Documents\\github\\ics-training\\src\\components\\Question.jsx": {"path":"C:\\Users\\user\\Documents\\github\\ics-training\\src\\components\\Question.jsx","statementMap":{"0":{"start":{"line":4,"column":26},"end":{"line":4,"column":41}},"1":{"start":{"line":5,"column":2},"end":{"line":11,"column":4}},"2":{"start":{"line":8,"column":54},"end":{"line":8,"column":68}}},"fnMap":{"0":{"name":"Question","decl":{"start":{"line":3,"column":24},"end":{"line":3,"column":32}},"loc":{"start":{"line":3,"column":55},"end":{"line":12,"column":1}},"line":3},"1":{"name":"(anonymous_1)","decl":{"start":{"line":8,"column":48},"end":{"line":8,"column":49}},"loc":{"start":{"line":8,"column":54},"end":{"line":8,"column":68}},"line":8}},"branchMap":{"0":{"loc":{"start":{"line":8,"column":71},"end":{"line":8,"column":107}},"type":"cond-expr","locations":[{"start":{"line":8,"column":78},"end":{"line":8,"column":91}},{"start":{"line":8,"column":94},"end":{"line":8,"column":107}}],"line":8},"1":{"loc":{"start":{"line":9,"column":7},"end":{"line":9,"column":111}},"type":"binary-expr","locations":[{"start":{"line":9,"column":7},"end":{"line":9,"column":11}},{"start":{"line":9,"column":15},"end":{"line":9,"column":111}}],"line":9}},"s":{"0":13,"1":13,"2":6},"f":{"0":13,"1":6},"b":{"0":[4,9],"1":[13,4]},"_coverageSchema":"1a1c01bbd47fc00a2c39e90264f33305004495a9","hash":"3485c339712622b4719e8bf0dba3d171707d61a1"}
,"C:\\Users\\user\\Documents\\github\\ics-training\\src\\components\\Step.jsx": {"path":"C:\\Users\\user\\Documents\\github\\ics-training\\src\\components\\Step.jsx","statementMap":{"0":{"start":{"line":4,"column":26},"end":{"line":4,"column":41}},"1":{"start":{"line":5,"column":2},"end":{"line":17,"column":4}},"2":{"start":{"line":10,"column":33},"end":{"line":10,"column":46}},"3":{"start":{"line":12,"column":33},"end":{"line":12,"column":47}}},"fnMap":{"0":{"name":"Step","decl":{"start":{"line":3,"column":24},"end":{"line":3,"column":28}},"loc":{"start":{"line":3,"column":68},"end":{"line":18,"column":1}},"line":3},"1":{"name":"(anonymous_1)","decl":{"start":{"line":10,"column":27},"end":{"line":10,"column":28}},"loc":{"start":{"line":10,"column":33},"end":{"line":10,"column":46}},"line":10},"2":{"name":"(anonymous_2)","decl":{"start":{"line":12,"column":27},"end":{"line":12,"column":28}},"loc":{"start":{"line":12,"column":33},"end":{"line":12,"column":47}},"line":12}},"branchMap":{"0":{"loc":{"start":{"line":9,"column":9},"end":{"line":13,"column":9}},"type":"cond-expr","locations":[{"start":{"line":10,"column":10},"end":{"line":10,"column":63}},{"start":{"line":12,"column":10},"end":{"line":12,"column":62}}],"line":9},"1":{"loc":{"start":{"line":15,"column":7},"end":{"line":15,"column":62}},"type":"binary-expr","locations":[{"start":{"line":15,"column":7},"end":{"line":15,"column":11}},{"start":{"line":15,"column":15},"end":{"line":15,"column":62}}],"line":15}},"s":{"0":13,"1":13,"2":4,"3":2},"f":{"0":13,"1":4,"2":2},"b":{"0":[9,4],"1":[13,4]},"_coverageSchema":"1a1c01bbd47fc00a2c39e90264f33305004495a9","hash":"007e2ffbfc7ffc0452329200c8cf903b5c774448"}
,"C:\\Users\\user\\Documents\\github\\ics-training\\src\\pages\\dashboard.js": {"path":"C:\\Users\\user\\Documents\\github\\ics-training\\src\\pages\\dashboard.js","statementMap":{"0":{"start":{"line":6,"column":15},"end":{"line":22,"column":1}},"1":{"start":{"line":25,"column":40},"end":{"line":25,"column":60}},"2":{"start":{"line":27,"column":18},"end":{"line":27,"column":48}},"3":{"start":{"line":29,"column":2},"end":{"line":98,"column":4}},"4":{"start":{"line":40,"column":12},"end":{"line":46,"column":21}},"5":{"start":{"line":43,"column":29},"end":{"line":43,"column":54}},"6":{"start":{"line":51,"column":30},"end":{"line":51,"column":51}},"7":{"start":{"line":55,"column":30},"end":{"line":55,"column":51}},"8":{"start":{"line":60,"column":12},"end":{"line":85,"column":18}}},"fnMap":{"0":{"name":"Dashboard","decl":{"start":{"line":24,"column":24},"end":{"line":24,"column":33}},"loc":{"start":{"line":24,"column":36},"end":{"line":99,"column":1}},"line":24},"1":{"name":"(anonymous_1)","decl":{"start":{"line":39,"column":22},"end":{"line":39,"column":23}},"loc":{"start":{"line":40,"column":12},"end":{"line":46,"column":21}},"line":40},"2":{"name":"(anonymous_2)","decl":{"start":{"line":43,"column":23},"end":{"line":43,"column":24}},"loc":{"start":{"line":43,"column":29},"end":{"line":43,"column":54}},"line":43},"3":{"name":"(anonymous_3)","decl":{"start":{"line":51,"column":23},"end":{"line":51,"column":24}},"loc":{"start":{"line":51,"column":30},"end":{"line":51,"column":51}},"line":51},"4":{"name":"(anonymous_4)","decl":{"start":{"line":55,"column":23},"end":{"line":55,"column":24}},"loc":{"start":{"line":55,"column":30},"end":{"line":55,"column":51}},"line":55},"5":{"name":"(anonymous_5)","decl":{"start":{"line":59,"column":23},"end":{"line":59,"column":24}},"loc":{"start":{"line":60,"column":12},"end":{"line":85,"column":18}},"line":60}},"branchMap":{"0":{"loc":{"start":{"line":27,"column":18},"end":{"line":27,"column":48}},"type":"binary-expr","locations":[{"start":{"line":27,"column":18},"end":{"line":27,"column":42}},{"start":{"line":27,"column":46},"end":{"line":27,"column":48}}],"line":27},"1":{"loc":{"start":{"line":42,"column":40},"end":{"line":42,"column":96}},"type":"cond-expr","locations":[{"start":{"line":42,"column":68},"end":{"line":42,"column":91}},{"start":{"line":42,"column":94},"end":{"line":42,"column":96}}],"line":42}},"s":{"0":1,"1":31,"2":31,"3":31,"4":93,"5":8,"6":42,"7":42,"8":248},"f":{"0":31,"1":93,"2":8,"3":42,"4":42,"5":248},"b":{"0":[31,0],"1":[31,62]},"_coverageSchema":"1a1c01bbd47fc00a2c39e90264f33305004495a9","hash":"3774f7f7ba654cb720ac134181435ac2d8679314"}
,"C:\\Users\\user\\Documents\\github\\ics-training\\src\\pages\\index.js": {"path":"C:\\Users\\user\\Documents\\github\\ics-training\\src\\pages\\index.js","statementMap":{"0":{"start":{"line":7,"column":18},"end":{"line":7,"column":53}},"1":{"start":{"line":8,"column":22},"end":{"line":8,"column":62}},"2":{"start":{"line":10,"column":15},"end":{"line":59,"column":1}},"3":{"start":{"line":62,"column":25},"end":{"line":62,"column":47}},"4":{"start":{"line":63,"column":40},"end":{"line":63,"column":60}},"5":{"start":{"line":65,"column":16},"end":{"line":65,"column":57}},"6":{"start":{"line":65,"column":35},"end":{"line":65,"column":56}},"7":{"start":{"line":66,"column":18},"end":{"line":66,"column":48}},"8":{"start":{"line":68,"column":2},"end":{"line":173,"column":4}},"9":{"start":{"line":139,"column":12},"end":{"line":145,"column":21}},"10":{"start":{"line":142,"column":29},"end":{"line":142,"column":50}},"11":{"start":{"line":153,"column":12},"end":{"line":161,"column":19}}},"fnMap":{"0":{"name":"Home","decl":{"start":{"line":61,"column":24},"end":{"line":61,"column":28}},"loc":{"start":{"line":61,"column":31},"end":{"line":174,"column":1}},"line":61},"1":{"name":"(anonymous_1)","decl":{"start":{"line":65,"column":28},"end":{"line":65,"column":29}},"loc":{"start":{"line":65,"column":35},"end":{"line":65,"column":56}},"line":65},"2":{"name":"(anonymous_2)","decl":{"start":{"line":138,"column":22},"end":{"line":138,"column":23}},"loc":{"start":{"line":139,"column":12},"end":{"line":145,"column":21}},"line":139},"3":{"name":"(anonymous_3)","decl":{"start":{"line":142,"column":23},"end":{"line":142,"column":24}},"loc":{"start":{"line":142,"column":29},"end":{"line":142,"column":50}},"line":142},"4":{"name":"(anonymous_4)","decl":{"start":{"line":152,"column":23},"end":{"line":152,"column":24}},"loc":{"start":{"line":153,"column":12},"end":{"line":161,"column":19}},"line":153}},"branchMap":{"0":{"loc":{"start":{"line":66,"column":18},"end":{"line":66,"column":48}},"type":"binary-expr","locations":[{"start":{"line":66,"column":18},"end":{"line":66,"column":42}},{"start":{"line":66,"column":46},"end":{"line":66,"column":48}}],"line":66},"1":{"loc":{"start":{"line":141,"column":40},"end":{"line":141,"column":92}},"type":"cond-expr","locations":[{"start":{"line":141,"column":64},"end":{"line":141,"column":87}},{"start":{"line":141,"column":90},"end":{"line":141,"column":92}}],"line":141}},"s":{"0":1,"1":1,"2":1,"3":29,"4":29,"5":29,"6":37,"7":29,"8":29,"9":87,"10":6,"11":232},"f":{"0":29,"1":37,"2":87,"3":6,"4":232},"b":{"0":[29,0],"1":[29,58]},"_coverageSchema":"1a1c01bbd47fc00a2c39e90264f33305004495a9","hash":"ee9d0ed83455b898fb19faf75b1e7bbc95c3fb0c"}
}
