TN:
SF:src\components\FlashcardDeck.jsx
FN:3,Flashcard
FN:6,(anonymous_1)
FN:6,(anonymous_2)
FN:23,FlashcardDeck
FN:25,(anonymous_4)
FN:25,(anonymous_5)
FN:30,shuffle
FN:31,(anonymous_7)
FN:34,(anonymous_8)
FN:37,reset
FN:38,(anonymous_10)
FN:40,(anonymous_11)
FN:62,(anonymous_12)
FN:62,(anonymous_13)
FN:62,(anonymous_14)
FN:69,(anonymous_15)
FN:69,(anonymous_16)
FN:69,(anonymous_17)
FNF:18
FNH:18
FNDA:25,Flashcard
FNDA:2,(anonymous_1)
FNDA:2,(anonymous_2)
FNDA:23,FlashcardDeck
FNDA:14,(anonymous_4)
FNDA:42,(anonymous_5)
FNDA:1,shuffle
FNDA:4,(anonymous_7)
FNDA:1,(anonymous_8)
FNDA:1,reset
FNDA:3,(anonymous_10)
FNDA:1,(anonymous_11)
FNDA:1,(anonymous_12)
FNDA:1,(anonymous_13)
FNDA:1,(anonymous_14)
FNDA:6,(anonymous_15)
FNDA:6,(anonymous_16)
FNDA:6,(anonymous_17)
DA:4,25
DA:5,25
DA:6,2
DA:24,23
DA:25,42
DA:26,23
DA:28,23
DA:31,4
DA:32,1
DA:33,1
DA:34,1
DA:38,3
DA:39,1
DA:40,1
DA:43,23
DA:62,1
DA:69,6
LF:17
LH:17
BRDA:6,0,0,1
BRDA:6,0,1,24
BRF:2
BRH:2
end_of_record
TN:
SF:src\components\ModuleProgress.jsx
FN:3,ModuleProgress
FNF:1
FNH:1
FNDA:3,ModuleProgress
DA:4,3
LF:1
LH:1
BRF:0
BRH:0
end_of_record
TN:
SF:src\components\Question.jsx
FN:3,Question
FN:8,(anonymous_1)
FNF:2
FNH:2
FNDA:13,Question
FNDA:6,(anonymous_1)
DA:4,13
DA:5,13
DA:8,6
LF:3
LH:3
BRDA:8,0,0,4
BRDA:8,0,1,9
BRDA:9,1,0,13
BRDA:9,1,1,4
BRF:4
BRH:4
end_of_record
TN:
SF:src\components\Step.jsx
FN:3,Step
FN:10,(anonymous_1)
FN:12,(anonymous_2)
FNF:3
FNH:3
FNDA:13,Step
FNDA:4,(anonymous_1)
FNDA:2,(anonymous_2)
DA:4,13
DA:5,13
DA:10,4
DA:12,2
LF:4
LH:4
BRDA:9,0,0,9
BRDA:9,0,1,4
BRDA:15,1,0,13
BRDA:15,1,1,4
BRF:4
BRH:4
end_of_record
TN:
SF:src\pages\dashboard.js
FN:24,Dashboard
FN:39,(anonymous_1)
FN:43,(anonymous_2)
FN:51,(anonymous_3)
FN:55,(anonymous_4)
FN:59,(anonymous_5)
FNF:6
FNH:6
FNDA:31,Dashboard
FNDA:93,(anonymous_1)
FNDA:8,(anonymous_2)
FNDA:42,(anonymous_3)
FNDA:42,(anonymous_4)
FNDA:248,(anonymous_5)
DA:6,1
DA:25,31
DA:27,31
DA:29,31
DA:40,93
DA:43,8
DA:51,42
DA:55,42
DA:60,248
LF:9
LH:9
BRDA:27,0,0,31
BRDA:27,0,1,0
BRDA:42,1,0,31
BRDA:42,1,1,62
BRF:4
BRH:3
end_of_record
TN:
SF:src\pages\index.js
FN:61,Home
FN:65,(anonymous_1)
FN:138,(anonymous_2)
FN:142,(anonymous_3)
FN:152,(anonymous_4)
FNF:5
FNH:5
FNDA:29,Home
FNDA:37,(anonymous_1)
FNDA:87,(anonymous_2)
FNDA:6,(anonymous_3)
FNDA:232,(anonymous_4)
DA:7,1
DA:8,1
DA:10,1
DA:62,29
DA:63,29
DA:65,37
DA:66,29
DA:68,29
DA:139,87
DA:142,6
DA:153,232
LF:11
LH:11
BRDA:66,0,0,29
BRDA:66,0,1,0
BRDA:141,1,0,29
BRDA:141,1,1,58
BRF:4
BRH:3
end_of_record
